DEBUG     Checking PHPLS_ALLOW_XDEBUG
DEBUG     The xdebug extension is not loaded

[Info  - 9:21:15 AM] 6036 files total
[Info  - 9:21:15 AM] Indexing project for definitions and static references
Parsing file:///var/www/api/app/Http/Middleware/RedirectIfAuthenticated.php
Parsing file:///var/www/api/app/Http/Middleware/CheckForMaintenanceMode.php
Parsing file:///var/www/api/app/Http/Middleware/VerifyCsrfToken.php
Parsing file:///var/www/api/app/Http/Middleware/TrustProxies.php
Parsing file:///var/www/api/app/Http/Middleware/TrimStrings.php
Parsing file:///var/www/api/app/Http/Middleware/Authenticate.php
Parsing file:///var/www/api/app/Http/Middleware/TrustHosts.php
Parsing file:///var/www/api/app/Http/Middleware/EncryptCookies.php
Parsing file:///var/www/api/app/Http/Controllers/Controller.php
Parsing file:///var/www/api/app/Http/Kernel.php
Parsing file:///var/www/api/app/User.php
Parsing file:///var/www/api/app/Console/Kernel.php
Parsing file:///var/www/api/app/Exceptions/Handler.php
Parsing file:///var/www/api/app/Providers/AuthServiceProvider.php
Parsing file:///var/www/api/app/Providers/AppServiceProvider.php
Parsing file:///var/www/api/app/Providers/RouteServiceProvider.php
Parsing file:///var/www/api/app/Providers/EventServiceProvider.php
Parsing file:///var/www/api/app/Providers/BroadcastServiceProvider.php
Parsing file:///var/www/api/bootstrap/cache/packages.php
Parsing file:///var/www/api/bootstrap/cache/services.php
Parsing file:///var/www/api/bootstrap/app.php
Parsing file:///var/www/api/config/cors.php
Parsing file:///var/www/api/config/auth.php
Parsing file:///var/www/api/config/hashing.php
Parsing file:///var/www/api/config/mail.php
Parsing file:///var/www/api/config/broadcasting.php
Parsing file:///var/www/api/config/view.php
Parsing file:///var/www/api/config/queue.php
Parsing file:///var/www/api/config/app.php
Parsing file:///var/www/api/config/filesystems.php
Parsing file:///var/www/api/config/database.php
Parsing file:///var/www/api/config/session.php
Parsing file:///var/www/api/config/cache.php
Parsing file:///var/www/api/config/services.php
Parsing file:///var/www/api/config/logging.php
Parsing file:///var/www/api/database/factories/UserFactory.php
Parsing file:///var/www/api/database/migrations/2019_08_19_000000_create_failed_jobs_table.php
Parsing file:///var/www/api/database/migrations/2014_10_12_100000_create_password_resets_table.php
Parsing file:///var/www/api/database/migrations/2014_10_12_000000_create_users_table.php
Parsing file:///var/www/api/database/seeds/DatabaseSeeder.php
Parsing file:///var/www/api/vendor/composer/ClassLoader.php
Parsing file:///var/www/api/vendor/composer/autoload_psr4.php
Parsing file:///var/www/api/vendor/composer/InstalledVersions.php
Parsing file:///var/www/api/vendor/composer/platform_check.php
Parsing file:///var/www/api/vendor/composer/autoload_namespaces.php
Parsing file:///var/www/api/vendor/composer/autoload_files.php
Parsing file:///var/www/api/vendor/composer/autoload_classmap.php
[Info  - 9:21:17 AM] Ignoring file file:///var/www/api/vendor/composer/autoload_classmap.php because it exceeds size limit of 150000 bytes (577087)
Parsing file:///var/www/api/vendor/composer/autoload_real.php
Parsing file:///var/www/api/vendor/composer/installed.php
Parsing file:///var/www/api/vendor/composer/autoload_static.php
[Info  - 9:21:17 AM] Ignoring file file:///var/www/api/vendor/composer/autoload_static.php because it exceeds size limit of 150000 bytes (635293)
Parsing file:///var/www/api/vendor/autoload.php
Parsing file:///var/www/api/server.php
Parsing file:///var/www/api/routes/web.php
Parsing file:///var/www/api/routes/console.php
Parsing file:///var/www/api/routes/channels.php
Parsing file:///var/www/api/resources/views/welcome.blade.php
Parsing file:///var/www/api/resources/lang/en/auth.php
Parsing file:///var/www/api/resources/lang/en/validation.php
Parsing file:///var/www/api/resources/lang/en/passwords.php
Parsing file:///var/www/api/resources/lang/en/pagination.php
Parsing file:///var/www/api/tests/Unit/ExampleTest.php
Parsing file:///var/www/api/tests/Feature/ExampleTest.php
Parsing file:///var/www/api/tests/CreatesApplication.php
Parsing file:///var/www/api/tests/TestCase.php
Parsing file:///var/www/api/public/index.php
[Info  - 9:21:17 AM] Indexing project for dynamic references
Parsing file:///var/www/api/app/Http/Middleware/RedirectIfAuthenticated.php
Parsing file:///var/www/api/app/Http/Middleware/CheckForMaintenanceMode.php
Parsing file:///var/www/api/app/Http/Middleware/VerifyCsrfToken.php
Parsing file:///var/www/api/app/Http/Middleware/TrustProxies.php
Parsing file:///var/www/api/app/Http/Middleware/TrimStrings.php
Parsing file:///var/www/api/app/Http/Middleware/Authenticate.php
Parsing file:///var/www/api/app/Http/Middleware/TrustHosts.php
Parsing file:///var/www/api/app/Http/Middleware/EncryptCookies.php
Parsing file:///var/www/api/app/Http/Controllers/Controller.php
Parsing file:///var/www/api/app/Http/Kernel.php
Parsing file:///var/www/api/app/User.php
Parsing file:///var/www/api/app/Console/Kernel.php
Parsing file:///var/www/api/app/Exceptions/Handler.php
Parsing file:///var/www/api/app/Providers/AuthServiceProvider.php
Parsing file:///var/www/api/app/Providers/AppServiceProvider.php
Parsing file:///var/www/api/app/Providers/RouteServiceProvider.php
Parsing file:///var/www/api/app/Providers/EventServiceProvider.php
Parsing file:///var/www/api/app/Providers/BroadcastServiceProvider.php
Parsing file:///var/www/api/bootstrap/cache/packages.php
Parsing file:///var/www/api/bootstrap/cache/services.php
Parsing file:///var/www/api/bootstrap/app.php
Parsing file:///var/www/api/config/cors.php
Parsing file:///var/www/api/config/auth.php
Parsing file:///var/www/api/config/hashing.php
Parsing file:///var/www/api/config/mail.php
Parsing file:///var/www/api/config/broadcasting.php
Parsing file:///var/www/api/config/view.php
Parsing file:///var/www/api/config/queue.php
Parsing file:///var/www/api/config/app.php
Parsing file:///var/www/api/config/filesystems.php
Parsing file:///var/www/api/config/database.php
Parsing file:///var/www/api/config/session.php
Parsing file:///var/www/api/config/cache.php
Parsing file:///var/www/api/config/services.php
Parsing file:///var/www/api/config/logging.php
Parsing file:///var/www/api/database/factories/UserFactory.php
Parsing file:///var/www/api/database/migrations/2019_08_19_000000_create_failed_jobs_table.php
Parsing file:///var/www/api/database/migrations/2014_10_12_100000_create_password_resets_table.php
Parsing file:///var/www/api/database/migrations/2014_10_12_000000_create_users_table.php
Parsing file:///var/www/api/database/seeds/DatabaseSeeder.php
Parsing file:///var/www/api/vendor/composer/ClassLoader.php
Parsing file:///var/www/api/vendor/composer/autoload_psr4.php
Parsing file:///var/www/api/vendor/composer/InstalledVersions.php
Parsing file:///var/www/api/vendor/composer/platform_check.php
Parsing file:///var/www/api/vendor/composer/autoload_namespaces.php
Parsing file:///var/www/api/vendor/composer/autoload_files.php
Parsing file:///var/www/api/vendor/composer/autoload_classmap.php
[Info  - 9:21:18 AM] Ignoring file file:///var/www/api/vendor/composer/autoload_classmap.php because it exceeds size limit of 150000 bytes (577087)
Parsing file:///var/www/api/vendor/composer/autoload_real.php
Parsing file:///var/www/api/vendor/composer/installed.php
Parsing file:///var/www/api/vendor/composer/autoload_static.php
[Info  - 9:21:18 AM] Ignoring file file:///var/www/api/vendor/composer/autoload_static.php because it exceeds size limit of 150000 bytes (635293)
Parsing file:///var/www/api/vendor/autoload.php
Parsing file:///var/www/api/server.php
Parsing file:///var/www/api/routes/web.php
Parsing file:///var/www/api/routes/console.php
Parsing file:///var/www/api/routes/channels.php
Parsing file:///var/www/api/resources/views/welcome.blade.php
Parsing file:///var/www/api/resources/lang/en/auth.php
Parsing file:///var/www/api/resources/lang/en/validation.php
Parsing file:///var/www/api/resources/lang/en/passwords.php
Parsing file:///var/www/api/resources/lang/en/pagination.php
Parsing file:///var/www/api/tests/Unit/ExampleTest.php
Parsing file:///var/www/api/tests/Feature/ExampleTest.php
Parsing file:///var/www/api/tests/CreatesApplication.php
Parsing file:///var/www/api/tests/TestCase.php
Parsing file:///var/www/api/public/index.php
[Info  - 9:21:18 AM] 102 Packages
[Info  - 9:21:18 AM] Restored monolog/monolog:2.2.0 from cache
[Info  - 9:21:18 AM] Restored phpunit/phpunit:9.5.4 from cache
[Info  - 9:21:18 AM] Restored phpunit/php-text-template:2.0.4 from cache
[Info  - 9:21:18 AM] Restored phpunit/php-timer:5.0.3 from cache
[Info  - 9:21:18 AM] Restored phpunit/php-file-iterator:3.0.5 from cache
[Info  - 9:21:19 AM] Restored phpunit/php-invoker:3.1.1 from cache
[Info  - 9:21:19 AM] Restored phpunit/php-code-coverage:9.2.6 from cache
[Info  - 9:21:19 AM] Restored opis/closure:3.6.2 from cache
[Info  - 9:21:19 AM] Restored mockery/mockery:1.4.3 from cache
[Info  - 9:21:19 AM] Restored ralouphie/getallheaders:3.0.3 from cache
[Info  - 9:21:20 AM] Restored egulias/email-validator:2.1.25 from cache
[Info  - 9:21:20 AM] Restored vlucas/phpdotenv:4.2.0 from cache
[Info  - 9:21:20 AM] Restored psr/container:1.1.1 from cache
[Info  - 9:21:20 AM] Restored psr/log:1.1.4 from cache
[Info  - 9:21:20 AM] Restored psr/simple-cache:1.0.1 from cache
[Info  - 9:21:20 AM] Restored psr/http-client:1.0.1 from cache
[Info  - 9:21:20 AM] Restored psr/http-message:1.0.1 from cache
[Info  - 9:21:20 AM] Restored psr/event-dispatcher:1.0.0 from cache
[Info  - 9:21:20 AM] Restored league/flysystem:1.1.3 from cache
[Info  - 9:21:20 AM] Restored league/mime-type-detection:1.7.0 from cache
[Info  - 9:21:20 AM] Restored league/commonmark:1.6.2 from cache
[Info  - 9:21:20 AM] Restored sebastian/recursion-context:4.0.4 from cache
[Info  - 9:21:20 AM] Restored sebastian/code-unit-reverse-lookup:2.0.3 from cache
[Info  - 9:21:20 AM] Restored sebastian/comparator:4.0.6 from cache
[Info  - 9:21:20 AM] Restored sebastian/code-unit:1.0.8 from cache
[Info  - 9:21:20 AM] Restored sebastian/object-reflector:2.0.4 from cache
[Info  - 9:21:20 AM] Restored sebastian/complexity:2.0.2 from cache
[Info  - 9:21:20 AM] Restored sebastian/environment:5.1.3 from cache
[Info  - 9:21:20 AM] Restored sebastian/cli-parser:1.0.1 from cache
[Info  - 9:21:20 AM] Restored sebastian/type:2.3.1 from cache
[Info  - 9:21:20 AM] Restored sebastian/exporter:4.0.3 from cache
[Info  - 9:21:20 AM] Restored sebastian/object-enumerator:4.0.4 from cache
[Info  - 9:21:20 AM] Restored sebastian/global-state:5.0.2 from cache
[Info  - 9:21:20 AM] Restored sebastian/lines-of-code:1.0.3 from cache
[Info  - 9:21:20 AM] Restored sebastian/version:3.0.2 from cache
[Info  - 9:21:20 AM] Restored sebastian/resource-operations:3.0.3 from cache
[Info  - 9:21:21 AM] Restored sebastian/diff:4.0.4 from cache
[Info  - 9:21:21 AM] Restored brick/math:0.9.2 from cache
[Info  - 9:21:23 AM] Restored dragonmantank/cron-expression:2.3.1 from cache
[Info  - 9:21:23 AM] Restored laravel/framework:7.30.4 from cache
[Info  - 9:21:23 AM] Restored laravel/tinker:2.6.1 from cache
[Info  - 9:21:23 AM] Restored guzzlehttp/promises:1.4.1 from cache
[Info  - 9:21:23 AM] Restored guzzlehttp/guzzle:7.3.0 from cache
[Info  - 9:21:23 AM] Restored guzzlehttp/psr7:1.8.2 from cache
[Info  - 9:21:23 AM] Restored theseer/tokenizer:1.2.0 from cache
[Info  - 9:21:23 AM] Restored phpoption/phpoption:1.7.5 from cache
[Info  - 9:21:24 AM] Restored asm89/stack-cors:2.0.3 from cache
[Info  - 9:21:24 AM] Restored phpspec/prophecy:1.13.0 from cache
[Info  - 9:21:24 AM] Restored voku/portable-ascii:1.5.6 from cache
[Info  - 9:21:24 AM] Restored swiftmailer/swiftmailer:6.2.7 from cache
[Info  - 9:21:25 AM] Restored fruitcake/laravel-cors:2.0.4 from cache
[Info  - 9:21:25 AM] Restored nikic/php-parser:4.10.5 from cache
[Info  - 9:21:25 AM] Restored ramsey/uuid:4.1.1 from cache
[Info  - 9:21:26 AM] Restored ramsey/collection:1.1.3 from cache
[Info  - 9:21:26 AM] Restored filp/whoops:2.12.1 from cache
[Info  - 9:21:26 AM] Restored tijsverkoyen/css-to-inline-styles:2.2.3 from cache
[Info  - 9:21:27 AM] Restored hamcrest/hamcrest-php:2.0.1 from cache
[Info  - 9:21:27 AM] Restored symfony/http-kernel:5.2.8 from cache
[Info  - 9:21:27 AM] Restored symfony/polyfill-intl-normalizer:1.22.1 from cache
[Info  - 9:21:27 AM] Restored symfony/polyfill-ctype:1.22.1 from cache
[Info  - 9:21:27 AM] Restored symfony/error-handler:5.2.8 from cache
[Info  - 9:21:27 AM] Restored symfony/polyfill-intl-idn:1.22.1 from cache
[Info  - 9:21:28 AM] Restored symfony/polyfill-php80:1.22.1 from cache
[Info  - 9:21:28 AM] Restored symfony/polyfill-iconv:1.22.1 from cache
[Info  - 9:21:28 AM] Restored symfony/translation-contracts:2.4.0 from cache
[Info  - 9:21:28 AM] Restored symfony/finder:5.2.8 from cache
[Info  - 9:21:28 AM] Restored symfony/polyfill-php73:1.22.1 from cache
[Info  - 9:21:28 AM] Restored symfony/routing:5.2.7 from cache
[Info  - 9:21:28 AM] Restored symfony/polyfill-mbstring:1.22.1 from cache
[Info  - 9:21:28 AM] Restored symfony/translation:5.2.8 from cache
[Info  - 9:21:28 AM] Restored symfony/process:5.2.7 from cache
[Info  - 9:21:28 AM] Restored symfony/http-foundation:5.2.8 from cache
[Info  - 9:21:28 AM] Restored symfony/event-dispatcher-contracts:2.4.0 from cache
[Info  - 9:21:29 AM] Restored symfony/string:5.2.8 from cache
[Info  - 9:21:29 AM] Restored symfony/var-dumper:5.2.8 from cache
[Info  - 9:21:29 AM] Restored symfony/deprecation-contracts:2.4.0 from cache
[Info  - 9:21:29 AM] Restored symfony/http-client-contracts:2.4.0 from cache
[Info  - 9:21:29 AM] Restored symfony/mime:5.2.7 from cache
[Info  - 9:21:29 AM] Restored symfony/console:5.2.8 from cache
[Info  - 9:21:29 AM] Restored symfony/service-contracts:2.4.0 from cache
[Info  - 9:21:29 AM] Restored symfony/polyfill-php72:1.22.1 from cache
[Info  - 9:21:29 AM] Restored symfony/polyfill-intl-grapheme:1.22.1 from cache
[Info  - 9:21:29 AM] Restored symfony/event-dispatcher:5.2.4 from cache
[Info  - 9:21:29 AM] Restored symfony/css-selector:5.2.7 from cache
[Info  - 9:21:29 AM] Restored phar-io/manifest:2.0.1 from cache
[Info  - 9:21:29 AM] Restored phar-io/version:3.1.0 from cache
[Info  - 9:21:29 AM] Restored fideloper/proxy:4.4.1 from cache
[Info  - 9:21:29 AM] Restored nunomaduro/collision:4.3.0 from cache
[Info  - 9:21:29 AM] Restored doctrine/lexer:1.2.1 from cache
[Info  - 9:21:29 AM] Restored doctrine/instantiator:1.4.0 from cache
[Info  - 9:21:29 AM] Restored doctrine/inflector:2.0.3 from cache
[Info  - 9:21:29 AM] Restored myclabs/deep-copy:1.10.2 from cache
[Info  - 9:21:29 AM] Restored nesbot/carbon:2.48.0 from cache
[Info  - 9:21:29 AM] Restored facade/ignition:2.9.0 from cache
[Info  - 9:21:29 AM] Restored facade/ignition-contracts:1.0.2 from cache
[Info  - 9:21:30 AM] Restored facade/flare-client-php:1.8.0 from cache
[Info  - 9:21:30 AM] Restored phpdocumentor/type-resolver:1.4.0 from cache
[Info  - 9:21:30 AM] Restored phpdocumentor/reflection-docblock:5.2.2 from cache
[Info  - 9:21:30 AM] Restored phpdocumentor/reflection-common:2.2.0 from cache
[Info  - 9:21:30 AM] Restored fakerphp/faker:1.14.1 from cache
[Info  - 9:21:30 AM] Restored psy/psysh:0.10.8 from cache
[Info  - 9:21:30 AM] Restored webmozart/assert:1.10.0 from cache
[Info  - 9:21:30 AM] All 6036 PHP files parsed in 15 seconds. 447 MiB allocated.
